[debug] [2024-12-11T06:47:09.052Z] ----------------------------------------------------------------------
[debug] [2024-12-11T06:47:09.053Z] Command:       /Users/karthikt/.nvm/versions/node/v18.20.5/bin/node /Users/karthikt/.nvm/versions/node/v18.20.5/bin/firebase init
[debug] [2024-12-11T06:47:09.053Z] CLI Version:   13.28.0
[debug] [2024-12-11T06:47:09.053Z] Platform:      darwin
[debug] [2024-12-11T06:47:09.053Z] Node Version:  v18.20.5
[debug] [2024-12-11T06:47:09.054Z] Time:          Wed Dec 11 2024 12:17:09 GMT+0530 (India Standard Time)
[debug] [2024-12-11T06:47:09.054Z] ----------------------------------------------------------------------
[debug] 
[debug] [2024-12-11T06:47:09.057Z] > command requires scopes: ["email","openid","https://www.googleapis.com/auth/cloudplatformprojects.readonly","https://www.googleapis.com/auth/firebase","https://www.googleapis.com/auth/cloud-platform"]
[debug] [2024-12-11T06:47:09.057Z] > authorizing via signed-in user (karthiktnaidu@gmail.com)
[info] 
     ######## #### ########  ######## ########     ###     ######  ########
     ##        ##  ##     ## ##       ##     ##  ##   ##  ##       ##
     ######    ##  ########  ######   ########  #########  ######  ######
     ##        ##  ##    ##  ##       ##     ## ##     ##       ## ##
     ##       #### ##     ## ######## ########  ##     ##  ######  ########

You're about to initialize a Firebase project in this directory:

  /Users/karthikt/Desktop/firegram-final-files

[info] 
=== Project Setup
[info] 
[info] First, let's associate this project directory with a Firebase project.
[info] You can create multiple project aliases by running firebase use --add, 
[info] but for now we'll just set up a default project.
[info] 
[debug] [2024-12-11T06:47:36.297Z] Checked if tokens are valid: true, expires at: 1733903083560
[debug] [2024-12-11T06:47:36.297Z] Checked if tokens are valid: true, expires at: 1733903083560
[debug] [2024-12-11T06:47:36.300Z] >>> [apiv2][query] GET https://firebase.googleapis.com/v1beta1/projects pageSize=100
[debug] [2024-12-11T06:47:36.932Z] <<< [apiv2][status] GET https://firebase.googleapis.com/v1beta1/projects 200
[debug] [2024-12-11T06:47:36.933Z] <<< [apiv2][body] GET https://firebase.googleapis.com/v1beta1/projects [omitted]
[info] i  Using project firegram-76100 (CloudSnap) 
[info] 
=== Hosting Setup
[debug] [2024-12-11T06:47:42.393Z] Checked if tokens are valid: true, expires at: 1733903083560
[debug] [2024-12-11T06:47:42.394Z] Checked if tokens are valid: true, expires at: 1733903083560
[debug] [2024-12-11T06:47:42.394Z] >>> [apiv2][query] GET https://firebase.googleapis.com/v1beta1/projects/firegram-76100 [none]
[debug] [2024-12-11T06:47:42.763Z] <<< [apiv2][status] GET https://firebase.googleapis.com/v1beta1/projects/firegram-76100 200
[debug] [2024-12-11T06:47:42.764Z] <<< [apiv2][body] GET https://firebase.googleapis.com/v1beta1/projects/firegram-76100 {"projectId":"firegram-76100","projectNumber":"613390968865","displayName":"CloudSnap","name":"projects/firegram-76100","resources":{"hostingSite":"firegram-76100"},"state":"ACTIVE","etag":"1_c5a34e7c-793d-4e78-b0a2-3e1e79d58d4b"}
[info] 
[info] Your public directory is the folder (relative to your project directory) that
[info] will contain Hosting assets to be uploaded with firebase deploy. If you
[info] have a build process for your assets, use your build's output directory.
[info] 
